SF:lib\modules\login\view\login_controller.dart
DA:22,1
DA:23,2
DA:25,2
DA:33,1
DA:35,2
DA:36,2
DA:37,2
DA:38,2
DA:40,1
DA:41,2
DA:43,2
DA:44,2
DA:45,1
LF:13
LH:13
end_of_record
SF:lib\src\domain\entities\communication.dart
DA:6,1
LF:1
LH:1
end_of_record
SF:lib\main.dart
DA:6,0
DA:7,0
DA:11,2
DA:13,1
DA:15,1
DA:17,1
DA:18,1
DA:20,2
DA:21,2
DA:23,1
DA:26,1
LF:11
LH:9
end_of_record
SF:lib\modules\login\binding\login_bindings.dart
DA:16,1
DA:18,2
DA:19,2
DA:21,2
DA:22,2
DA:24,2
DA:25,2
DA:28,2
DA:29,2
DA:30,2
DA:33,2
DA:34,2
DA:35,2
DA:38,2
DA:39,2
DA:40,2
DA:41,2
DA:42,2
LF:18
LH:18
end_of_record
SF:lib\src\domain\utils\form_validate_mixin.dart
DA:2,0
DA:3,0
DA:6,0
DA:12,0
DA:13,0
DA:15,0
LF:6
LH:0
end_of_record
SF:lib\modules\login\view\login_view.dart
DA:7,1
DA:9,1
DA:12,2
DA:13,1
DA:15,1
DA:16,1
DA:17,1
DA:18,3
DA:19,1
DA:20,2
DA:21,1
DA:22,1
DA:23,1
DA:25,1
DA:28,2
DA:34,1
DA:35,2
DA:36,1
DA:38,1
DA:41,1
DA:42,1
DA:47,1
DA:48,1
DA:58,1
DA:59,2
DA:61,1
DA:63,1
DA:66,1
DA:67,1
DA:72,1
DA:73,1
DA:83,1
DA:84,2
LF:33
LH:33
end_of_record
SF:lib\modules\login\model\data\data_source\login_data_source_imp.dart
DA:8,0
DA:13,0
DA:14,0
LF:3
LH:0
end_of_record
SF:lib\modules\login\model\login_validator_imp.dart
DA:6,1
DA:7,1
DA:9,0
DA:11,0
LF:4
LH:2
end_of_record
SF:lib\modules\login\model\repositories\login_repository_imp.dart
DA:9,1
DA:11,0
DA:16,0
DA:17,0
DA:18,0
DA:21,0
DA:26,0
DA:32,0
LF:8
LH:1
end_of_record
SF:lib\modules\login\view\show_snackbar_imp.dart
DA:6,0
DA:10,0
LF:2
LH:0
end_of_record
SF:lib\modules\login\view_model\login_view_model.dart
DA:9,1
DA:13,0
DA:18,0
DA:22,0
LF:4
LH:1
end_of_record
SF:lib\modules\login\model\entities\user_login.dart
DA:4,0
DA:7,0
DA:8,0
DA:9,0
LF:4
LH:0
end_of_record
SF:lib\src\domain\entities\user.dart
DA:6,0
LF:1
LH:0
end_of_record
